<?xml version="1.0" encoding="UTF-8"?>
<robot generator="Robot 3.2.1 (Python 3.8.5 on darwin)" generated="20200803 02:37:33.048" rpa="false">
<suite id="s1" name="Tests" source="/Users/nicolas.yoshioka/Desktop/Automation-Testing-Android-Robot-Framework/tests">
<suite id="s1-s1" name="Cadastro Usuario" source="/Users/nicolas.yoshioka/Desktop/Automation-Testing-Android-Robot-Framework/tests/cadastro_usuario.robot">
<test id="s1-s1-t1" name="Cenário 01: Cadastrar um usuário">
<kw name="Open Session" library="base" type="setup">
<kw name="Set Appium Timeout" library="AppiumLibrary">
<doc>Sets the timeout in seconds used by various keywords.</doc>
<arguments>
<arg>5</arg>
</arguments>
<status status="PASS" starttime="20200803 02:37:33.800" endtime="20200803 02:37:33.801"></status>
</kw>
<kw name="Open Application" library="AppiumLibrary">
<doc>Opens a new application to given Appium server.
Capabilities of appium server, Android and iOS,
Please check https://github.com/appium/appium/blob/master/docs/en/writing-running-appium/server-args.md
| *Option*            | *Man.* | *Description*     |
| remote_url          | Yes    | Appium server url |
| alias               | no     | alias             |</doc>
<arguments>
<arg>http://localhost:4723/wd/hub</arg>
<arg>automationName=UiAutomator2</arg>
<arg>platformName=Android</arg>
<arg>deviceName=Emulator</arg>
<arg>app=${EXECDIR}/app/app-debug.apk</arg>
</arguments>
<status status="PASS" starttime="20200803 02:37:33.801" endtime="20200803 02:37:45.935"></status>
</kw>
<status status="PASS" starttime="20200803 02:37:33.800" endtime="20200803 02:37:45.935"></status>
</kw>
<kw name="Dado que esteja na página de cadastro de usuário" library="BDDpt-br">
<kw name="Run Keyword" library="BuiltIn">
<doc>Executes the given keyword with the given arguments.</doc>
<arguments>
<arg>${keyword}</arg>
</arguments>
<kw name="Que esteja na página de cadastro de usuário">
<kw name="Abrir página de cadastro de usuário" library="cadastro_usuario_pages">
<kw name="Wait Until Element Is Visible" library="AppiumLibrary">
<doc>Waits until element specified with `locator` is visible.</doc>
<arguments>
<arg>${BTN_START_REGISTER}</arg>
</arguments>
<status status="PASS" starttime="20200803 02:37:45.940" endtime="20200803 02:37:46.132"></status>
</kw>
<kw name="Click Element" library="AppiumLibrary">
<doc>Click element identified by `locator`.</doc>
<arguments>
<arg>${BTN_START_REGISTER}</arg>
</arguments>
<msg timestamp="20200803 02:37:46.136" level="INFO">Clicking element 'id=com.example.vamsi.login:id/tvRegister'.</msg>
<status status="PASS" starttime="20200803 02:37:46.133" endtime="20200803 02:37:46.261"></status>
</kw>
<status status="PASS" starttime="20200803 02:37:45.939" endtime="20200803 02:37:46.262"></status>
</kw>
<status status="PASS" starttime="20200803 02:37:45.938" endtime="20200803 02:37:46.262"></status>
</kw>
<status status="PASS" starttime="20200803 02:37:45.938" endtime="20200803 02:37:46.262"></status>
</kw>
<status status="PASS" starttime="20200803 02:37:45.936" endtime="20200803 02:37:46.263"></status>
</kw>
<kw name="Quando cadastrar um usuário" library="BDDpt-br">
<kw name="Run Keyword" library="BuiltIn">
<doc>Executes the given keyword with the given arguments.</doc>
<arguments>
<arg>${keyword}</arg>
</arguments>
<kw name="Cadastrar um usuário">
<kw name="Cadastrar usuário" library="cadastro_usuario_steps">
<arguments>
<arg>${name}</arg>
<arg>${phone_number}</arg>
<arg>${gmail}</arg>
<arg>${password}</arg>
</arguments>
<kw name="Inserir nome" library="cadastro_usuario_pages">
<arguments>
<arg>${name}</arg>
</arguments>
<kw name="Wait Until Element Is Visible" library="AppiumLibrary">
<doc>Waits until element specified with `locator` is visible.</doc>
<arguments>
<arg>${IPT_NAME}</arg>
</arguments>
<status status="PASS" starttime="20200803 02:37:46.272" endtime="20200803 02:37:47.543"></status>
</kw>
<kw name="Input Text" library="AppiumLibrary">
<doc>Types the given `text` into text field identified by `locator`.</doc>
<arguments>
<arg>${IPT_NAME}</arg>
<arg>${name}</arg>
</arguments>
<msg timestamp="20200803 02:37:47.546" level="INFO">Typing text 'Nicolas Hian Gomes Yoshioka' into text field 'id=com.example.vamsi.login:id/etRegName'</msg>
<status status="PASS" starttime="20200803 02:37:47.544" endtime="20200803 02:37:47.719"></status>
</kw>
<status status="PASS" starttime="20200803 02:37:46.269" endtime="20200803 02:37:47.720"></status>
</kw>
<kw name="Inserir telefone" library="cadastro_usuario_pages">
<arguments>
<arg>${phone_number}</arg>
</arguments>
<kw name="Wait Until Element Is Visible" library="AppiumLibrary">
<doc>Waits until element specified with `locator` is visible.</doc>
<arguments>
<arg>${IPT_PHONE_NUMBER}</arg>
</arguments>
<status status="PASS" starttime="20200803 02:37:47.721" endtime="20200803 02:37:48.427"></status>
</kw>
<kw name="Input Text" library="AppiumLibrary">
<doc>Types the given `text` into text field identified by `locator`.</doc>
<arguments>
<arg>${IPT_PHONE_NUMBER}</arg>
<arg>${phone_number}</arg>
</arguments>
<msg timestamp="20200803 02:37:48.431" level="INFO">Typing text '11970902156' into text field 'id=com.example.vamsi.login:id/etRegPhone'</msg>
<status status="PASS" starttime="20200803 02:37:48.427" endtime="20200803 02:37:48.610"></status>
</kw>
<status status="PASS" starttime="20200803 02:37:47.720" endtime="20200803 02:37:48.611"></status>
</kw>
<kw name="Inserir gmail" library="cadastro_usuario_pages">
<arguments>
<arg>${gmail}</arg>
</arguments>
<kw name="Wait Until Element Is Visible" library="AppiumLibrary">
<doc>Waits until element specified with `locator` is visible.</doc>
<arguments>
<arg>${IPT_GMAIL}</arg>
</arguments>
<status status="PASS" starttime="20200803 02:37:48.612" endtime="20200803 02:37:49.136"></status>
</kw>
<kw name="Input Text" library="AppiumLibrary">
<doc>Types the given `text` into text field identified by `locator`.</doc>
<arguments>
<arg>${IPT_GMAIL}</arg>
<arg>${gmail}</arg>
</arguments>
<msg timestamp="20200803 02:37:49.139" level="INFO">Typing text 'nicolasyoshioka@outlook.com' into text field 'id=com.example.vamsi.login:id/etRegGmail'</msg>
<status status="PASS" starttime="20200803 02:37:49.137" endtime="20200803 02:37:49.754"></status>
</kw>
<status status="PASS" starttime="20200803 02:37:48.611" endtime="20200803 02:37:49.754"></status>
</kw>
<kw name="Inserir senha" library="cadastro_usuario_pages">
<arguments>
<arg>${password}</arg>
</arguments>
<kw name="Wait Until Element Is Visible" library="AppiumLibrary">
<doc>Waits until element specified with `locator` is visible.</doc>
<arguments>
<arg>${IPT_PASSWORD}</arg>
</arguments>
<status status="PASS" starttime="20200803 02:37:49.755" endtime="20200803 02:37:50.297"></status>
</kw>
<kw name="Input Text" library="AppiumLibrary">
<doc>Types the given `text` into text field identified by `locator`.</doc>
<arguments>
<arg>${IPT_PASSWORD}</arg>
<arg>${password}</arg>
</arguments>
<msg timestamp="20200803 02:37:50.299" level="INFO">Typing text 'testrobotmobile' into text field 'id=com.example.vamsi.login:id/etRegPassword'</msg>
<status status="PASS" starttime="20200803 02:37:50.297" endtime="20200803 02:37:50.875"></status>
</kw>
<status status="PASS" starttime="20200803 02:37:49.754" endtime="20200803 02:37:50.876"></status>
</kw>
<status status="PASS" starttime="20200803 02:37:46.266" endtime="20200803 02:37:50.876"></status>
</kw>
<status status="PASS" starttime="20200803 02:37:46.265" endtime="20200803 02:37:50.876"></status>
</kw>
<status status="PASS" starttime="20200803 02:37:46.264" endtime="20200803 02:37:50.876"></status>
</kw>
<status status="PASS" starttime="20200803 02:37:46.263" endtime="20200803 02:37:50.877"></status>
</kw>
<kw name="Então a mensagem &quot;Registration Sucessful&quot; deve ser exibida na tela" library="BDDpt-br">
<kw name="Run Keyword" library="BuiltIn">
<doc>Executes the given keyword with the given arguments.</doc>
<arguments>
<arg>${keyword}</arg>
</arguments>
<kw name="A mensagem &quot;Registration Sucessful&quot; deve ser exibida na tela">
<kw name="Validar cadastro de usuário" library="cadastro_usuario_pages">
<kw name="Wait Until Element Is Visible" library="AppiumLibrary">
<doc>Waits until element specified with `locator` is visible.</doc>
<arguments>
<arg>${IPT_FINISH_REGISTER}</arg>
</arguments>
<status status="PASS" starttime="20200803 02:37:50.881" endtime="20200803 02:37:51.418"></status>
</kw>
<kw name="Click Element" library="AppiumLibrary">
<doc>Click element identified by `locator`.</doc>
<arguments>
<arg>${IPT_FINISH_REGISTER}</arg>
</arguments>
<msg timestamp="20200803 02:37:51.422" level="INFO">Clicking element 'id=com.example.vamsi.login:id/btnRegLogin'.</msg>
<status status="PASS" starttime="20200803 02:37:51.418" endtime="20200803 02:37:51.509"></status>
</kw>
<kw name="Wait Until Page Contains" library="AppiumLibrary">
<doc>Waits until `text` appears on current page.</doc>
<arguments>
<arg>Registration Successful</arg>
</arguments>
<status status="PASS" starttime="20200803 02:37:51.509" endtime="20200803 02:37:52.261"></status>
</kw>
<kw name="Wait Until Element Is Visible" library="AppiumLibrary">
<doc>Waits until element specified with `locator` is visible.</doc>
<arguments>
<arg>${BTN_GO_TO_LOGIN}</arg>
</arguments>
<status status="PASS" starttime="20200803 02:37:52.261" endtime="20200803 02:37:52.353"></status>
</kw>
<kw name="Click Element" library="AppiumLibrary">
<doc>Click element identified by `locator`.</doc>
<arguments>
<arg>${BTN_GO_TO_LOGIN}</arg>
</arguments>
<msg timestamp="20200803 02:37:52.357" level="INFO">Clicking element 'id=com.example.vamsi.login:id/btnGotoLogin'.</msg>
<status status="PASS" starttime="20200803 02:37:52.354" endtime="20200803 02:37:52.489"></status>
</kw>
<status status="PASS" starttime="20200803 02:37:50.880" endtime="20200803 02:37:52.489"></status>
</kw>
<status status="PASS" starttime="20200803 02:37:50.879" endtime="20200803 02:37:52.490"></status>
</kw>
<status status="PASS" starttime="20200803 02:37:50.878" endtime="20200803 02:37:52.490"></status>
</kw>
<status status="PASS" starttime="20200803 02:37:50.877" endtime="20200803 02:37:52.490"></status>
</kw>
<kw name="Close Session" library="base" type="teardown">
<kw name="Capture Page Screenshot" library="AppiumLibrary">
<doc>Takes a screenshot of the current page and embeds it into the log.</doc>
<msg timestamp="20200803 02:37:54.032" level="INFO" html="yes">&lt;/td&gt;&lt;/tr&gt;&lt;tr&gt;&lt;td colspan="3"&gt;&lt;a href="appium-screenshot-1.png"&gt;&lt;img src="appium-screenshot-1.png" width="800px"&gt;&lt;/a&gt;</msg>
<status status="PASS" starttime="20200803 02:37:52.492" endtime="20200803 02:37:54.032"></status>
</kw>
<kw name="Close Application" library="AppiumLibrary">
<doc>Closes the current application and also close webdriver session.</doc>
<status status="PASS" starttime="20200803 02:37:54.033" endtime="20200803 02:37:55.550"></status>
</kw>
<status status="PASS" starttime="20200803 02:37:52.491" endtime="20200803 02:37:55.550"></status>
</kw>
<tags>
<tag>Cadastrar usuário</tag>
</tags>
<status status="PASS" starttime="20200803 02:37:33.799" endtime="20200803 02:37:55.551" critical="yes"></status>
</test>
<status status="PASS" starttime="20200803 02:37:33.099" endtime="20200803 02:37:55.553"></status>
</suite>
<suite id="s1-s2" name="Login" source="/Users/nicolas.yoshioka/Desktop/Automation-Testing-Android-Robot-Framework/tests/login.robot">
<test id="s1-s2-t1" name="Cenário 01: Login válido">
<kw name="Open Session" library="base" type="setup">
<kw name="Set Appium Timeout" library="AppiumLibrary">
<doc>Sets the timeout in seconds used by various keywords.</doc>
<arguments>
<arg>5</arg>
</arguments>
<status status="PASS" starttime="20200803 02:37:55.580" endtime="20200803 02:37:55.580"></status>
</kw>
<kw name="Open Application" library="AppiumLibrary">
<doc>Opens a new application to given Appium server.
Capabilities of appium server, Android and iOS,
Please check https://github.com/appium/appium/blob/master/docs/en/writing-running-appium/server-args.md
| *Option*            | *Man.* | *Description*     |
| remote_url          | Yes    | Appium server url |
| alias               | no     | alias             |</doc>
<arguments>
<arg>http://localhost:4723/wd/hub</arg>
<arg>automationName=UiAutomator2</arg>
<arg>platformName=Android</arg>
<arg>deviceName=Emulator</arg>
<arg>app=${EXECDIR}/app/app-debug.apk</arg>
</arguments>
<status status="PASS" starttime="20200803 02:37:55.581" endtime="20200803 02:38:08.543"></status>
</kw>
<status status="PASS" starttime="20200803 02:37:55.579" endtime="20200803 02:38:08.543"></status>
</kw>
<kw name="Dado que cadastro um novo usuário" library="BDDpt-br">
<kw name="Run Keyword" library="BuiltIn">
<doc>Executes the given keyword with the given arguments.</doc>
<arguments>
<arg>${keyword}</arg>
</arguments>
<kw name="Que cadastro um novo usuário">
<kw name="Abrir página de cadastro de usuário" library="cadastro_usuario_pages">
<kw name="Wait Until Element Is Visible" library="AppiumLibrary">
<doc>Waits until element specified with `locator` is visible.</doc>
<arguments>
<arg>${BTN_START_REGISTER}</arg>
</arguments>
<status status="PASS" starttime="20200803 02:38:08.547" endtime="20200803 02:38:09.318"></status>
</kw>
<kw name="Click Element" library="AppiumLibrary">
<doc>Click element identified by `locator`.</doc>
<arguments>
<arg>${BTN_START_REGISTER}</arg>
</arguments>
<msg timestamp="20200803 02:38:09.324" level="INFO">Clicking element 'id=com.example.vamsi.login:id/tvRegister'.</msg>
<status status="PASS" starttime="20200803 02:38:09.319" endtime="20200803 02:38:09.572"></status>
</kw>
<status status="PASS" starttime="20200803 02:38:08.546" endtime="20200803 02:38:09.572"></status>
</kw>
<kw name="Cadastrar usuário" library="cadastro_usuario_steps">
<arguments>
<arg>${name}</arg>
<arg>${phone_number}</arg>
<arg>${gmail}</arg>
<arg>${password}</arg>
</arguments>
<kw name="Inserir nome" library="cadastro_usuario_pages">
<arguments>
<arg>${name}</arg>
</arguments>
<kw name="Wait Until Element Is Visible" library="AppiumLibrary">
<doc>Waits until element specified with `locator` is visible.</doc>
<arguments>
<arg>${IPT_NAME}</arg>
</arguments>
<status status="PASS" starttime="20200803 02:38:09.574" endtime="20200803 02:38:10.823"></status>
</kw>
<kw name="Input Text" library="AppiumLibrary">
<doc>Types the given `text` into text field identified by `locator`.</doc>
<arguments>
<arg>${IPT_NAME}</arg>
<arg>${name}</arg>
</arguments>
<msg timestamp="20200803 02:38:10.827" level="INFO">Typing text 'Nicolas Hian Gomes Yoshioka' into text field 'id=com.example.vamsi.login:id/etRegName'</msg>
<status status="PASS" starttime="20200803 02:38:10.824" endtime="20200803 02:38:11.037"></status>
</kw>
<status status="PASS" starttime="20200803 02:38:09.574" endtime="20200803 02:38:11.038"></status>
</kw>
<kw name="Inserir telefone" library="cadastro_usuario_pages">
<arguments>
<arg>${phone_number}</arg>
</arguments>
<kw name="Wait Until Element Is Visible" library="AppiumLibrary">
<doc>Waits until element specified with `locator` is visible.</doc>
<arguments>
<arg>${IPT_PHONE_NUMBER}</arg>
</arguments>
<status status="PASS" starttime="20200803 02:38:11.039" endtime="20200803 02:38:11.651"></status>
</kw>
<kw name="Input Text" library="AppiumLibrary">
<doc>Types the given `text` into text field identified by `locator`.</doc>
<arguments>
<arg>${IPT_PHONE_NUMBER}</arg>
<arg>${phone_number}</arg>
</arguments>
<msg timestamp="20200803 02:38:11.655" level="INFO">Typing text '11970902156' into text field 'id=com.example.vamsi.login:id/etRegPhone'</msg>
<status status="PASS" starttime="20200803 02:38:11.652" endtime="20200803 02:38:11.914"></status>
</kw>
<status status="PASS" starttime="20200803 02:38:11.038" endtime="20200803 02:38:11.915"></status>
</kw>
<kw name="Inserir gmail" library="cadastro_usuario_pages">
<arguments>
<arg>${gmail}</arg>
</arguments>
<kw name="Wait Until Element Is Visible" library="AppiumLibrary">
<doc>Waits until element specified with `locator` is visible.</doc>
<arguments>
<arg>${IPT_GMAIL}</arg>
</arguments>
<status status="PASS" starttime="20200803 02:38:11.916" endtime="20200803 02:38:12.461"></status>
</kw>
<kw name="Input Text" library="AppiumLibrary">
<doc>Types the given `text` into text field identified by `locator`.</doc>
<arguments>
<arg>${IPT_GMAIL}</arg>
<arg>${gmail}</arg>
</arguments>
<msg timestamp="20200803 02:38:12.465" level="INFO">Typing text 'nicolasyoshioka@outlook.com' into text field 'id=com.example.vamsi.login:id/etRegGmail'</msg>
<status status="PASS" starttime="20200803 02:38:12.462" endtime="20200803 02:38:12.593"></status>
</kw>
<status status="PASS" starttime="20200803 02:38:11.915" endtime="20200803 02:38:12.593"></status>
</kw>
<kw name="Inserir senha" library="cadastro_usuario_pages">
<arguments>
<arg>${password}</arg>
</arguments>
<kw name="Wait Until Element Is Visible" library="AppiumLibrary">
<doc>Waits until element specified with `locator` is visible.</doc>
<arguments>
<arg>${IPT_PASSWORD}</arg>
</arguments>
<status status="PASS" starttime="20200803 02:38:12.594" endtime="20200803 02:38:13.138"></status>
</kw>
<kw name="Input Text" library="AppiumLibrary">
<doc>Types the given `text` into text field identified by `locator`.</doc>
<arguments>
<arg>${IPT_PASSWORD}</arg>
<arg>${password}</arg>
</arguments>
<msg timestamp="20200803 02:38:13.141" level="INFO">Typing text 'testrobotmobile' into text field 'id=com.example.vamsi.login:id/etRegPassword'</msg>
<status status="PASS" starttime="20200803 02:38:13.138" endtime="20200803 02:38:13.734"></status>
</kw>
<status status="PASS" starttime="20200803 02:38:12.593" endtime="20200803 02:38:13.735"></status>
</kw>
<status status="PASS" starttime="20200803 02:38:09.572" endtime="20200803 02:38:13.736"></status>
</kw>
<kw name="Validar cadastro de usuário" library="cadastro_usuario_pages">
<kw name="Wait Until Element Is Visible" library="AppiumLibrary">
<doc>Waits until element specified with `locator` is visible.</doc>
<arguments>
<arg>${IPT_FINISH_REGISTER}</arg>
</arguments>
<status status="PASS" starttime="20200803 02:38:13.738" endtime="20200803 02:38:14.267"></status>
</kw>
<kw name="Click Element" library="AppiumLibrary">
<doc>Click element identified by `locator`.</doc>
<arguments>
<arg>${IPT_FINISH_REGISTER}</arg>
</arguments>
<msg timestamp="20200803 02:38:14.269" level="INFO">Clicking element 'id=com.example.vamsi.login:id/btnRegLogin'.</msg>
<status status="PASS" starttime="20200803 02:38:14.267" endtime="20200803 02:38:14.355"></status>
</kw>
<kw name="Wait Until Page Contains" library="AppiumLibrary">
<doc>Waits until `text` appears on current page.</doc>
<arguments>
<arg>Registration Successful</arg>
</arguments>
<status status="PASS" starttime="20200803 02:38:14.356" endtime="20200803 02:38:15.132"></status>
</kw>
<kw name="Wait Until Element Is Visible" library="AppiumLibrary">
<doc>Waits until element specified with `locator` is visible.</doc>
<arguments>
<arg>${BTN_GO_TO_LOGIN}</arg>
</arguments>
<status status="PASS" starttime="20200803 02:38:15.133" endtime="20200803 02:38:15.195"></status>
</kw>
<kw name="Click Element" library="AppiumLibrary">
<doc>Click element identified by `locator`.</doc>
<arguments>
<arg>${BTN_GO_TO_LOGIN}</arg>
</arguments>
<msg timestamp="20200803 02:38:15.198" level="INFO">Clicking element 'id=com.example.vamsi.login:id/btnGotoLogin'.</msg>
<status status="PASS" starttime="20200803 02:38:15.195" endtime="20200803 02:38:15.308"></status>
</kw>
<status status="PASS" starttime="20200803 02:38:13.737" endtime="20200803 02:38:15.308"></status>
</kw>
<status status="PASS" starttime="20200803 02:38:08.545" endtime="20200803 02:38:15.308"></status>
</kw>
<status status="PASS" starttime="20200803 02:38:08.544" endtime="20200803 02:38:15.308"></status>
</kw>
<status status="PASS" starttime="20200803 02:38:08.543" endtime="20200803 02:38:15.309"></status>
</kw>
<kw name="Quando realizar o login" library="BDDpt-br">
<kw name="Run Keyword" library="BuiltIn">
<doc>Executes the given keyword with the given arguments.</doc>
<arguments>
<arg>${keyword}</arg>
</arguments>
<kw name="Realizar o login">
<kw name="Logar" library="login_steps">
<arguments>
<arg>${gmail}</arg>
<arg>${password}</arg>
</arguments>
<kw name="Inserir gmail login" library="login_pages">
<arguments>
<arg>${gmail}</arg>
</arguments>
<kw name="Wait Until Element Is Visible" library="AppiumLibrary">
<doc>Waits until element specified with `locator` is visible.</doc>
<arguments>
<arg>${IPT_LOG_GMAIL}</arg>
</arguments>
<status status="PASS" starttime="20200803 02:38:15.315" endtime="20200803 02:38:16.298"></status>
</kw>
<kw name="Input Text" library="AppiumLibrary">
<doc>Types the given `text` into text field identified by `locator`.</doc>
<arguments>
<arg>${IPT_LOG_GMAIL}</arg>
<arg>${gmail}</arg>
</arguments>
<msg timestamp="20200803 02:38:16.301" level="INFO">Typing text 'nicolasyoshioka@outlook.com' into text field 'id=com.example.vamsi.login:id/etLogGmail'</msg>
<status status="PASS" starttime="20200803 02:38:16.298" endtime="20200803 02:38:17.025"></status>
</kw>
<status status="PASS" starttime="20200803 02:38:15.313" endtime="20200803 02:38:17.025"></status>
</kw>
<kw name="Inserir senha login" library="login_pages">
<arguments>
<arg>${password}</arg>
</arguments>
<kw name="Wait Until Element Is Visible" library="AppiumLibrary">
<doc>Waits until element specified with `locator` is visible.</doc>
<arguments>
<arg>${IPT_LOG_PASSWORD}</arg>
</arguments>
<status status="PASS" starttime="20200803 02:38:17.026" endtime="20200803 02:38:17.644"></status>
</kw>
<kw name="Input Text" library="AppiumLibrary">
<doc>Types the given `text` into text field identified by `locator`.</doc>
<arguments>
<arg>${IPT_LOG_PASSWORD}</arg>
<arg>${password}</arg>
</arguments>
<msg timestamp="20200803 02:38:17.648" level="INFO">Typing text 'testrobotmobile' into text field 'id=com.example.vamsi.login:id/etLoginPassword'</msg>
<status status="PASS" starttime="20200803 02:38:17.645" endtime="20200803 02:38:17.776"></status>
</kw>
<status status="PASS" starttime="20200803 02:38:17.025" endtime="20200803 02:38:17.777"></status>
</kw>
<kw name="Realizar login" library="login_pages">
<kw name="Wait Until Element Is Visible" library="AppiumLibrary">
<doc>Waits until element specified with `locator` is visible.</doc>
<arguments>
<arg>${BTN_LOGIN}</arg>
</arguments>
<status status="PASS" starttime="20200803 02:38:17.778" endtime="20200803 02:38:18.313"></status>
</kw>
<kw name="Click Element" library="AppiumLibrary">
<doc>Click element identified by `locator`.</doc>
<arguments>
<arg>${BTN_LOGIN}</arg>
</arguments>
<msg timestamp="20200803 02:38:18.318" level="INFO">Clicking element 'id=com.example.vamsi.login:id/btnLogin'.</msg>
<status status="PASS" starttime="20200803 02:38:18.314" endtime="20200803 02:38:18.406"></status>
</kw>
<status status="PASS" starttime="20200803 02:38:17.777" endtime="20200803 02:38:18.406"></status>
</kw>
<status status="PASS" starttime="20200803 02:38:15.312" endtime="20200803 02:38:18.407"></status>
</kw>
<status status="PASS" starttime="20200803 02:38:15.311" endtime="20200803 02:38:18.407"></status>
</kw>
<status status="PASS" starttime="20200803 02:38:15.310" endtime="20200803 02:38:18.407"></status>
</kw>
<status status="PASS" starttime="20200803 02:38:15.309" endtime="20200803 02:38:18.407"></status>
</kw>
<kw name="Então validar que o login foi um sucesso" library="BDDpt-br">
<kw name="Run Keyword" library="BuiltIn">
<doc>Executes the given keyword with the given arguments.</doc>
<arguments>
<arg>${keyword}</arg>
</arguments>
<kw name="Validar que o login foi um sucesso">
<kw name="Validar login" library="login_pages">
<kw name="Wait Until Page Contains" library="AppiumLibrary">
<doc>Waits until `text` appears on current page.</doc>
<arguments>
<arg>You are now logged in</arg>
</arguments>
<status status="PASS" starttime="20200803 02:38:18.413" endtime="20200803 02:38:19.768"></status>
</kw>
<kw name="Wait Until Page Contains" library="AppiumLibrary">
<doc>Waits until `text` appears on current page.</doc>
<arguments>
<arg>Login sucess</arg>
</arguments>
<status status="PASS" starttime="20200803 02:38:19.768" endtime="20200803 02:38:19.872"></status>
</kw>
<status status="PASS" starttime="20200803 02:38:18.411" endtime="20200803 02:38:19.872"></status>
</kw>
<status status="PASS" starttime="20200803 02:38:18.410" endtime="20200803 02:38:19.872"></status>
</kw>
<status status="PASS" starttime="20200803 02:38:18.409" endtime="20200803 02:38:19.873"></status>
</kw>
<status status="PASS" starttime="20200803 02:38:18.408" endtime="20200803 02:38:19.873"></status>
</kw>
<kw name="Close Session" library="base" type="teardown">
<kw name="Capture Page Screenshot" library="AppiumLibrary">
<doc>Takes a screenshot of the current page and embeds it into the log.</doc>
<msg timestamp="20200803 02:38:20.223" level="INFO" html="yes">&lt;/td&gt;&lt;/tr&gt;&lt;tr&gt;&lt;td colspan="3"&gt;&lt;a href="appium-screenshot-2.png"&gt;&lt;img src="appium-screenshot-2.png" width="800px"&gt;&lt;/a&gt;</msg>
<status status="PASS" starttime="20200803 02:38:19.874" endtime="20200803 02:38:20.223"></status>
</kw>
<kw name="Close Application" library="AppiumLibrary">
<doc>Closes the current application and also close webdriver session.</doc>
<status status="PASS" starttime="20200803 02:38:20.223" endtime="20200803 02:38:22.022"></status>
</kw>
<status status="PASS" starttime="20200803 02:38:19.873" endtime="20200803 02:38:22.023"></status>
</kw>
<tags>
<tag>Login válido</tag>
</tags>
<status status="PASS" starttime="20200803 02:37:55.578" endtime="20200803 02:38:22.023" critical="yes"></status>
</test>
<test id="s1-s2-t2" name="Cenário 02: Login inválido">
<kw name="Open Session" library="base" type="setup">
<kw name="Set Appium Timeout" library="AppiumLibrary">
<doc>Sets the timeout in seconds used by various keywords.</doc>
<arguments>
<arg>5</arg>
</arguments>
<status status="PASS" starttime="20200803 02:38:22.026" endtime="20200803 02:38:22.026"></status>
</kw>
<kw name="Open Application" library="AppiumLibrary">
<doc>Opens a new application to given Appium server.
Capabilities of appium server, Android and iOS,
Please check https://github.com/appium/appium/blob/master/docs/en/writing-running-appium/server-args.md
| *Option*            | *Man.* | *Description*     |
| remote_url          | Yes    | Appium server url |
| alias               | no     | alias             |</doc>
<arguments>
<arg>http://localhost:4723/wd/hub</arg>
<arg>automationName=UiAutomator2</arg>
<arg>platformName=Android</arg>
<arg>deviceName=Emulator</arg>
<arg>app=${EXECDIR}/app/app-debug.apk</arg>
</arguments>
<status status="PASS" starttime="20200803 02:38:22.026" endtime="20200803 02:38:33.388"></status>
</kw>
<status status="PASS" starttime="20200803 02:38:22.025" endtime="20200803 02:38:33.389"></status>
</kw>
<kw name="Cenário: Login com dados inválidos">
<arguments>
<arg>${invalid_gmail}</arg>
<arg>${invalid_password}</arg>
<arg>Login error</arg>
</arguments>
<kw name="Logar" library="login_steps">
<arguments>
<arg>${gmail}</arg>
<arg>${password}</arg>
</arguments>
<kw name="Inserir gmail login" library="login_pages">
<arguments>
<arg>${gmail}</arg>
</arguments>
<kw name="Wait Until Element Is Visible" library="AppiumLibrary">
<doc>Waits until element specified with `locator` is visible.</doc>
<arguments>
<arg>${IPT_LOG_GMAIL}</arg>
</arguments>
<status status="PASS" starttime="20200803 02:38:33.394" endtime="20200803 02:38:34.066"></status>
</kw>
<kw name="Input Text" library="AppiumLibrary">
<doc>Types the given `text` into text field identified by `locator`.</doc>
<arguments>
<arg>${IPT_LOG_GMAIL}</arg>
<arg>${gmail}</arg>
</arguments>
<msg timestamp="20200803 02:38:34.070" level="INFO">Typing text 'invalid_gmail' into text field 'id=com.example.vamsi.login:id/etLogGmail'</msg>
<status status="PASS" starttime="20200803 02:38:34.067" endtime="20200803 02:38:34.694"></status>
</kw>
<status status="PASS" starttime="20200803 02:38:33.393" endtime="20200803 02:38:34.695"></status>
</kw>
<kw name="Inserir senha login" library="login_pages">
<arguments>
<arg>${password}</arg>
</arguments>
<kw name="Wait Until Element Is Visible" library="AppiumLibrary">
<doc>Waits until element specified with `locator` is visible.</doc>
<arguments>
<arg>${IPT_LOG_PASSWORD}</arg>
</arguments>
<status status="PASS" starttime="20200803 02:38:34.696" endtime="20200803 02:38:35.201"></status>
</kw>
<kw name="Input Text" library="AppiumLibrary">
<doc>Types the given `text` into text field identified by `locator`.</doc>
<arguments>
<arg>${IPT_LOG_PASSWORD}</arg>
<arg>${password}</arg>
</arguments>
<msg timestamp="20200803 02:38:35.204" level="INFO">Typing text 'invalid_password' into text field 'id=com.example.vamsi.login:id/etLoginPassword'</msg>
<status status="PASS" starttime="20200803 02:38:35.201" endtime="20200803 02:38:35.351"></status>
</kw>
<status status="PASS" starttime="20200803 02:38:34.695" endtime="20200803 02:38:35.351"></status>
</kw>
<kw name="Realizar login" library="login_pages">
<kw name="Wait Until Element Is Visible" library="AppiumLibrary">
<doc>Waits until element specified with `locator` is visible.</doc>
<arguments>
<arg>${BTN_LOGIN}</arg>
</arguments>
<status status="PASS" starttime="20200803 02:38:35.353" endtime="20200803 02:38:35.909"></status>
</kw>
<kw name="Click Element" library="AppiumLibrary">
<doc>Click element identified by `locator`.</doc>
<arguments>
<arg>${BTN_LOGIN}</arg>
</arguments>
<msg timestamp="20200803 02:38:35.912" level="INFO">Clicking element 'id=com.example.vamsi.login:id/btnLogin'.</msg>
<status status="PASS" starttime="20200803 02:38:35.909" endtime="20200803 02:38:36.037"></status>
</kw>
<status status="PASS" starttime="20200803 02:38:35.352" endtime="20200803 02:38:36.037"></status>
</kw>
<status status="PASS" starttime="20200803 02:38:33.391" endtime="20200803 02:38:36.037"></status>
</kw>
<kw name="Validar login inválido" library="login_pages">
<arguments>
<arg>${error_message}</arg>
</arguments>
<kw name="Wait Until Page Contains" library="AppiumLibrary">
<doc>Waits until `text` appears on current page.</doc>
<arguments>
<arg>${error_message}</arg>
</arguments>
<status status="PASS" starttime="20200803 02:38:36.039" endtime="20200803 02:38:36.700"></status>
</kw>
<status status="PASS" starttime="20200803 02:38:36.038" endtime="20200803 02:38:36.701"></status>
</kw>
<status status="PASS" starttime="20200803 02:38:33.389" endtime="20200803 02:38:36.701"></status>
</kw>
<kw name="Cenário: Login com dados inválidos">
<arguments>
<arg>${invalid_gmail}</arg>
<arg>${empty_password}</arg>
<arg>Enter your Email and Password to login</arg>
</arguments>
<kw name="Logar" library="login_steps">
<arguments>
<arg>${gmail}</arg>
<arg>${password}</arg>
</arguments>
<kw name="Inserir gmail login" library="login_pages">
<arguments>
<arg>${gmail}</arg>
</arguments>
<kw name="Wait Until Element Is Visible" library="AppiumLibrary">
<doc>Waits until element specified with `locator` is visible.</doc>
<arguments>
<arg>${IPT_LOG_GMAIL}</arg>
</arguments>
<status status="PASS" starttime="20200803 02:38:36.705" endtime="20200803 02:38:36.870"></status>
</kw>
<kw name="Input Text" library="AppiumLibrary">
<doc>Types the given `text` into text field identified by `locator`.</doc>
<arguments>
<arg>${IPT_LOG_GMAIL}</arg>
<arg>${gmail}</arg>
</arguments>
<msg timestamp="20200803 02:38:36.875" level="INFO">Typing text 'invalid_gmail' into text field 'id=com.example.vamsi.login:id/etLogGmail'</msg>
<status status="PASS" starttime="20200803 02:38:36.871" endtime="20200803 02:38:37.515"></status>
</kw>
<status status="PASS" starttime="20200803 02:38:36.704" endtime="20200803 02:38:37.515"></status>
</kw>
<kw name="Inserir senha login" library="login_pages">
<arguments>
<arg>${password}</arg>
</arguments>
<kw name="Wait Until Element Is Visible" library="AppiumLibrary">
<doc>Waits until element specified with `locator` is visible.</doc>
<arguments>
<arg>${IPT_LOG_PASSWORD}</arg>
</arguments>
<status status="PASS" starttime="20200803 02:38:37.521" endtime="20200803 02:38:38.115"></status>
</kw>
<kw name="Input Text" library="AppiumLibrary">
<doc>Types the given `text` into text field identified by `locator`.</doc>
<arguments>
<arg>${IPT_LOG_PASSWORD}</arg>
<arg>${password}</arg>
</arguments>
<msg timestamp="20200803 02:38:38.120" level="INFO">Typing text '' into text field 'id=com.example.vamsi.login:id/etLoginPassword'</msg>
<status status="PASS" starttime="20200803 02:38:38.115" endtime="20200803 02:38:38.552"></status>
</kw>
<status status="PASS" starttime="20200803 02:38:37.516" endtime="20200803 02:38:38.553"></status>
</kw>
<kw name="Realizar login" library="login_pages">
<kw name="Wait Until Element Is Visible" library="AppiumLibrary">
<doc>Waits until element specified with `locator` is visible.</doc>
<arguments>
<arg>${BTN_LOGIN}</arg>
</arguments>
<status status="PASS" starttime="20200803 02:38:38.554" endtime="20200803 02:38:39.085"></status>
</kw>
<kw name="Click Element" library="AppiumLibrary">
<doc>Click element identified by `locator`.</doc>
<arguments>
<arg>${BTN_LOGIN}</arg>
</arguments>
<msg timestamp="20200803 02:38:39.087" level="INFO">Clicking element 'id=com.example.vamsi.login:id/btnLogin'.</msg>
<status status="PASS" starttime="20200803 02:38:39.085" endtime="20200803 02:38:39.165"></status>
</kw>
<status status="PASS" starttime="20200803 02:38:38.553" endtime="20200803 02:38:39.165"></status>
</kw>
<status status="PASS" starttime="20200803 02:38:36.703" endtime="20200803 02:38:39.166"></status>
</kw>
<kw name="Validar login inválido" library="login_pages">
<arguments>
<arg>${error_message}</arg>
</arguments>
<kw name="Wait Until Page Contains" library="AppiumLibrary">
<doc>Waits until `text` appears on current page.</doc>
<arguments>
<arg>${error_message}</arg>
</arguments>
<status status="PASS" starttime="20200803 02:38:39.167" endtime="20200803 02:38:39.790"></status>
</kw>
<status status="PASS" starttime="20200803 02:38:39.166" endtime="20200803 02:38:39.791"></status>
</kw>
<status status="PASS" starttime="20200803 02:38:36.702" endtime="20200803 02:38:39.791"></status>
</kw>
<kw name="Cenário: Login com dados inválidos">
<arguments>
<arg>${empty_gmail}</arg>
<arg>${invalid_password}</arg>
<arg>Enter your Email and Password to login</arg>
</arguments>
<kw name="Logar" library="login_steps">
<arguments>
<arg>${gmail}</arg>
<arg>${password}</arg>
</arguments>
<kw name="Inserir gmail login" library="login_pages">
<arguments>
<arg>${gmail}</arg>
</arguments>
<kw name="Wait Until Element Is Visible" library="AppiumLibrary">
<doc>Waits until element specified with `locator` is visible.</doc>
<arguments>
<arg>${IPT_LOG_GMAIL}</arg>
</arguments>
<status status="PASS" starttime="20200803 02:38:39.798" endtime="20200803 02:38:39.982"></status>
</kw>
<kw name="Input Text" library="AppiumLibrary">
<doc>Types the given `text` into text field identified by `locator`.</doc>
<arguments>
<arg>${IPT_LOG_GMAIL}</arg>
<arg>${gmail}</arg>
</arguments>
<msg timestamp="20200803 02:38:39.986" level="INFO">Typing text '' into text field 'id=com.example.vamsi.login:id/etLogGmail'</msg>
<status status="PASS" starttime="20200803 02:38:39.982" endtime="20200803 02:38:40.600"></status>
</kw>
<status status="PASS" starttime="20200803 02:38:39.795" endtime="20200803 02:38:40.601"></status>
</kw>
<kw name="Inserir senha login" library="login_pages">
<arguments>
<arg>${password}</arg>
</arguments>
<kw name="Wait Until Element Is Visible" library="AppiumLibrary">
<doc>Waits until element specified with `locator` is visible.</doc>
<arguments>
<arg>${IPT_LOG_PASSWORD}</arg>
</arguments>
<status status="PASS" starttime="20200803 02:38:40.602" endtime="20200803 02:38:41.143"></status>
</kw>
<kw name="Input Text" library="AppiumLibrary">
<doc>Types the given `text` into text field identified by `locator`.</doc>
<arguments>
<arg>${IPT_LOG_PASSWORD}</arg>
<arg>${password}</arg>
</arguments>
<msg timestamp="20200803 02:38:41.146" level="INFO">Typing text 'invalid_password' into text field 'id=com.example.vamsi.login:id/etLoginPassword'</msg>
<status status="PASS" starttime="20200803 02:38:41.144" endtime="20200803 02:38:41.883"></status>
</kw>
<status status="PASS" starttime="20200803 02:38:40.601" endtime="20200803 02:38:41.884"></status>
</kw>
<kw name="Realizar login" library="login_pages">
<kw name="Wait Until Element Is Visible" library="AppiumLibrary">
<doc>Waits until element specified with `locator` is visible.</doc>
<arguments>
<arg>${BTN_LOGIN}</arg>
</arguments>
<status status="PASS" starttime="20200803 02:38:41.885" endtime="20200803 02:38:42.419"></status>
</kw>
<kw name="Click Element" library="AppiumLibrary">
<doc>Click element identified by `locator`.</doc>
<arguments>
<arg>${BTN_LOGIN}</arg>
</arguments>
<msg timestamp="20200803 02:38:42.423" level="INFO">Clicking element 'id=com.example.vamsi.login:id/btnLogin'.</msg>
<status status="PASS" starttime="20200803 02:38:42.419" endtime="20200803 02:38:42.498"></status>
</kw>
<status status="PASS" starttime="20200803 02:38:41.884" endtime="20200803 02:38:42.498"></status>
</kw>
<status status="PASS" starttime="20200803 02:38:39.794" endtime="20200803 02:38:42.499"></status>
</kw>
<kw name="Validar login inválido" library="login_pages">
<arguments>
<arg>${error_message}</arg>
</arguments>
<kw name="Wait Until Page Contains" library="AppiumLibrary">
<doc>Waits until `text` appears on current page.</doc>
<arguments>
<arg>${error_message}</arg>
</arguments>
<status status="PASS" starttime="20200803 02:38:42.501" endtime="20200803 02:38:43.014"></status>
</kw>
<status status="PASS" starttime="20200803 02:38:42.499" endtime="20200803 02:38:43.014"></status>
</kw>
<status status="PASS" starttime="20200803 02:38:39.792" endtime="20200803 02:38:43.014"></status>
</kw>
<kw name="Cenário: Login com dados inválidos">
<arguments>
<arg>${empty_gmail}</arg>
<arg>${empty_password}</arg>
<arg>Enter your Email and Password to login</arg>
</arguments>
<kw name="Logar" library="login_steps">
<arguments>
<arg>${gmail}</arg>
<arg>${password}</arg>
</arguments>
<kw name="Inserir gmail login" library="login_pages">
<arguments>
<arg>${gmail}</arg>
</arguments>
<kw name="Wait Until Element Is Visible" library="AppiumLibrary">
<doc>Waits until element specified with `locator` is visible.</doc>
<arguments>
<arg>${IPT_LOG_GMAIL}</arg>
</arguments>
<status status="PASS" starttime="20200803 02:38:43.023" endtime="20200803 02:38:43.213"></status>
</kw>
<kw name="Input Text" library="AppiumLibrary">
<doc>Types the given `text` into text field identified by `locator`.</doc>
<arguments>
<arg>${IPT_LOG_GMAIL}</arg>
<arg>${gmail}</arg>
</arguments>
<msg timestamp="20200803 02:38:43.216" level="INFO">Typing text '' into text field 'id=com.example.vamsi.login:id/etLogGmail'</msg>
<status status="PASS" starttime="20200803 02:38:43.213" endtime="20200803 02:38:43.788"></status>
</kw>
<status status="PASS" starttime="20200803 02:38:43.022" endtime="20200803 02:38:43.788"></status>
</kw>
<kw name="Inserir senha login" library="login_pages">
<arguments>
<arg>${password}</arg>
</arguments>
<kw name="Wait Until Element Is Visible" library="AppiumLibrary">
<doc>Waits until element specified with `locator` is visible.</doc>
<arguments>
<arg>${IPT_LOG_PASSWORD}</arg>
</arguments>
<status status="PASS" starttime="20200803 02:38:43.790" endtime="20200803 02:38:44.315"></status>
</kw>
<kw name="Input Text" library="AppiumLibrary">
<doc>Types the given `text` into text field identified by `locator`.</doc>
<arguments>
<arg>${IPT_LOG_PASSWORD}</arg>
<arg>${password}</arg>
</arguments>
<msg timestamp="20200803 02:38:44.319" level="INFO">Typing text '' into text field 'id=com.example.vamsi.login:id/etLoginPassword'</msg>
<status status="PASS" starttime="20200803 02:38:44.316" endtime="20200803 02:38:44.921"></status>
</kw>
<status status="PASS" starttime="20200803 02:38:43.789" endtime="20200803 02:38:44.922"></status>
</kw>
<kw name="Realizar login" library="login_pages">
<kw name="Wait Until Element Is Visible" library="AppiumLibrary">
<doc>Waits until element specified with `locator` is visible.</doc>
<arguments>
<arg>${BTN_LOGIN}</arg>
</arguments>
<status status="PASS" starttime="20200803 02:38:44.923" endtime="20200803 02:38:45.436"></status>
</kw>
<kw name="Click Element" library="AppiumLibrary">
<doc>Click element identified by `locator`.</doc>
<arguments>
<arg>${BTN_LOGIN}</arg>
</arguments>
<msg timestamp="20200803 02:38:45.439" level="INFO">Clicking element 'id=com.example.vamsi.login:id/btnLogin'.</msg>
<status status="PASS" starttime="20200803 02:38:45.436" endtime="20200803 02:38:45.547"></status>
</kw>
<status status="PASS" starttime="20200803 02:38:44.922" endtime="20200803 02:38:45.548"></status>
</kw>
<status status="PASS" starttime="20200803 02:38:43.020" endtime="20200803 02:38:45.548"></status>
</kw>
<kw name="Validar login inválido" library="login_pages">
<arguments>
<arg>${error_message}</arg>
</arguments>
<kw name="Wait Until Page Contains" library="AppiumLibrary">
<doc>Waits until `text` appears on current page.</doc>
<arguments>
<arg>${error_message}</arg>
</arguments>
<status status="PASS" starttime="20200803 02:38:45.549" endtime="20200803 02:38:46.141"></status>
</kw>
<status status="PASS" starttime="20200803 02:38:45.548" endtime="20200803 02:38:46.142"></status>
</kw>
<status status="PASS" starttime="20200803 02:38:43.015" endtime="20200803 02:38:46.145"></status>
</kw>
<kw name="Close Session" library="base" type="teardown">
<kw name="Capture Page Screenshot" library="AppiumLibrary">
<doc>Takes a screenshot of the current page and embeds it into the log.</doc>
<msg timestamp="20200803 02:38:46.680" level="INFO" html="yes">&lt;/td&gt;&lt;/tr&gt;&lt;tr&gt;&lt;td colspan="3"&gt;&lt;a href="appium-screenshot-3.png"&gt;&lt;img src="appium-screenshot-3.png" width="800px"&gt;&lt;/a&gt;</msg>
<status status="PASS" starttime="20200803 02:38:46.146" endtime="20200803 02:38:46.680"></status>
</kw>
<kw name="Close Application" library="AppiumLibrary">
<doc>Closes the current application and also close webdriver session.</doc>
<status status="PASS" starttime="20200803 02:38:46.681" endtime="20200803 02:38:48.359"></status>
</kw>
<status status="PASS" starttime="20200803 02:38:46.145" endtime="20200803 02:38:48.359"></status>
</kw>
<tags>
<tag>Login inválido</tag>
</tags>
<status status="PASS" starttime="20200803 02:38:22.024" endtime="20200803 02:38:48.360" critical="yes"></status>
</test>
<status status="PASS" starttime="20200803 02:37:55.556" endtime="20200803 02:38:48.362"></status>
</suite>
<status status="PASS" starttime="20200803 02:37:33.053" endtime="20200803 02:38:48.367"></status>
</suite>
<statistics>
<total>
<stat pass="3" fail="0">Critical Tests</stat>
<stat pass="3" fail="0">All Tests</stat>
</total>
<tag>
<stat pass="1" fail="0">Cadastrar usuário</stat>
<stat pass="1" fail="0">Login inválido</stat>
<stat pass="1" fail="0">Login válido</stat>
</tag>
<suite>
<stat pass="3" fail="0" id="s1" name="Tests">Tests</stat>
<stat pass="1" fail="0" id="s1-s1" name="Cadastro Usuario">Tests.Cadastro Usuario</stat>
<stat pass="2" fail="0" id="s1-s2" name="Login">Tests.Login</stat>
</suite>
</statistics>
<errors>
</errors>
</robot>
